2020-01-08T18:27:42+00:00 CRITICAL Uncaught ArgumentCountError: Too few arguments to function wc_get_products(), 0 passed in /shared/httpd/bmw-ecommerce/htdocs/wp-content/themes/bmw/templates/template-home.php on line 83 and exactly 1 expected in /shared/httpd/bmw-ecommerce/htdocs/wp-content/plugins/woocommerce/includes/wc-product-functions.php:26
Stack trace:
#0 /shared/httpd/bmw-ecommerce/htdocs/wp-content/themes/bmw/templates/template-home.php(83): wc_get_products()
#1 /shared/httpd/bmw-ecommerce/htdocs/wp-includes/template-loader.php(98): include('/shared/httpd/b...')
#2 /shared/httpd/bmw-ecommerce/htdocs/wp-blog-header.php(19): require_once('/shared/httpd/b...')
#3 /shared/httpd/bmw-ecommerce/htdocs/index.php(17): require('/shared/httpd/b...')
#4 {main}
  thrown in /shared/httpd/bmw-ecommerce/htdocs/wp-content/plugins/woocommerce/includes/wc-product-functions.php on line 26

2020-01-08T18:31:10+00:00 CRITICAL Uncaught ArgumentCountError: Too few arguments to function wc_get_products(), 0 passed in /shared/httpd/bmw-ecommerce/htdocs/wp-content/themes/bmw/templates/template-home.php on line 83 and exactly 1 expected in /shared/httpd/bmw-ecommerce/htdocs/wp-content/plugins/woocommerce/includes/wc-product-functions.php:26
Stack trace:
#0 /shared/httpd/bmw-ecommerce/htdocs/wp-content/themes/bmw/templates/template-home.php(83): wc_get_products()
#1 /shared/httpd/bmw-ecommerce/htdocs/wp-includes/template-loader.php(98): include('/shared/httpd/b...')
#2 /shared/httpd/bmw-ecommerce/htdocs/wp-blog-header.php(19): require_once('/shared/httpd/b...')
#3 /shared/httpd/bmw-ecommerce/htdocs/index.php(17): require('/shared/httpd/b...')
#4 {main}
  thrown in /shared/httpd/bmw-ecommerce/htdocs/wp-content/plugins/woocommerce/includes/wc-product-functions.php on line 26

2020-01-08T19:37:24+00:00 CRITICAL syntax error, unexpected '.' in /shared/httpd/bmw-ecommerce/htdocs/wp-content/themes/bmw/templates/template-home.php on line 91

2020-01-08T19:37:34+00:00 CRITICAL syntax error, unexpected '.' in /shared/httpd/bmw-ecommerce/htdocs/wp-content/themes/bmw/templates/template-home.php on line 92

2020-01-08T19:37:36+00:00 CRITICAL syntax error, unexpected '.' in /shared/httpd/bmw-ecommerce/htdocs/wp-content/themes/bmw/templates/template-home.php on line 92

2020-01-08T19:50:02+00:00 CRITICAL syntax error, unexpected '}' in /shared/httpd/bmw-ecommerce/htdocs/wp-content/themes/bmw/templates/template-home.php on line 104

2020-01-08T21:02:42+00:00 CRITICAL Uncaught Error: Call to undefined function sale_products() in /shared/httpd/bmw-ecommerce/htdocs/wp-content/themes/bmw/templates/template-home.php:115
Stack trace:
#0 /shared/httpd/bmw-ecommerce/htdocs/wp-includes/template-loader.php(98): include()
#1 /shared/httpd/bmw-ecommerce/htdocs/wp-blog-header.php(19): require_once('/shared/httpd/b...')
#2 /shared/httpd/bmw-ecommerce/htdocs/index.php(17): require('/shared/httpd/b...')
#3 {main}
  thrown in /shared/httpd/bmw-ecommerce/htdocs/wp-content/themes/bmw/templates/template-home.php on line 115

2020-01-08T21:03:45+00:00 CRITICAL Uncaught Error: Call to undefined function do_shorcode() in /shared/httpd/bmw-ecommerce/htdocs/wp-content/themes/bmw/templates/template-home.php:116
Stack trace:
#0 /shared/httpd/bmw-ecommerce/htdocs/wp-includes/template-loader.php(98): include()
#1 /shared/httpd/bmw-ecommerce/htdocs/wp-blog-header.php(19): require_once('/shared/httpd/b...')
#2 /shared/httpd/bmw-ecommerce/htdocs/index.php(17): require('/shared/httpd/b...')
#3 {main}
  thrown in /shared/httpd/bmw-ecommerce/htdocs/wp-content/themes/bmw/templates/template-home.php on line 116

2020-01-08T21:35:11+00:00 CRITICAL Cannot redeclare WC() (previously declared in /shared/httpd/bmw-ecommerce/htdocs/wp-content/plugins/woocommerce/woocommerce.php:51) in /shared/httpd/bmw-ecommerce/htdocs/wp-content/themes/bmw/woocommerce.php on line 53

2020-01-08T22:11:04+00:00 CRITICAL Uncaught Error: Call to undefined function wp_header() in /shared/httpd/bmw-ecommerce/htdocs/wp-content/themes/bmw/header.php:68
Stack trace:
#0 /shared/httpd/bmw-ecommerce/htdocs/wp-includes/template.php(722): require_once()
#1 /shared/httpd/bmw-ecommerce/htdocs/wp-includes/template.php(671): load_template('/shared/httpd/b...', true)
#2 /shared/httpd/bmw-ecommerce/htdocs/wp-includes/general-template.php(41): locate_template(Array, true)
#3 /shared/httpd/bmw-ecommerce/htdocs/wp-content/themes/bmw/woocommerce.php(1): get_header()
#4 /shared/httpd/bmw-ecommerce/htdocs/wp-includes/template-loader.php(98): include('/shared/httpd/b...')
#5 /shared/httpd/bmw-ecommerce/htdocs/wp-blog-header.php(19): require_once('/shared/httpd/b...')
#6 /shared/httpd/bmw-ecommerce/htdocs/index.php(17): require('/shared/httpd/b...')
#7 {main}
  thrown in /shared/httpd/bmw-ecommerce/htdocs/wp-content/themes/bmw/header.php on line 68

