2020-01-10T16:15:18+00:00 CRITICAL Uncaught Error: Call to a member function get_name() on boolean in /shared/httpd/bmw-ecommerce/htdocs/wp-content/plugins/ajax-search-for-woocommerce/includes/Product.php:75
Stack trace:
#0 /shared/httpd/bmw-ecommerce/htdocs/wp-content/plugins/ajax-search-for-woocommerce/includes/Engines/WordPressNative/Search.php(204): DgoraWcas\Product->getName()
#1 /shared/httpd/bmw-ecommerce/htdocs/wp-includes/class-wp-hook.php(288): DgoraWcas\Engines\WordPressNative\Search->getSearchResults('')
#2 /shared/httpd/bmw-ecommerce/htdocs/wp-includes/class-wp-hook.php(312): WP_Hook->apply_filters('', Array)
#3 /shared/httpd/bmw-ecommerce/htdocs/wp-includes/plugin.php(478): WP_Hook->do_action(Array)
#4 /shared/httpd/bmw-ecommerce/htdocs/wp-content/plugins/woocommerce/includes/class-wc-ajax.php(87): do_action('wc_ajax_dgwt_wc...')
#5 /shared/httpd/bmw-ecommerce/htdocs/wp-includes/class-wp-hook.php(288): WC_AJAX::do_wc_ajax('')
#6 /shared/httpd/bmw-ecommerce/htdocs/wp-includes/class-wp-hook.php(312): WP_Hook->apply_filters(false, A in /shared/httpd/bmw-ecommerce/htdocs/wp-content/plugins/ajax-search-for-woocommerce/includes/Product.php on line 75

2020-01-10T16:15:18+00:00 CRITICAL Uncaught Error: Call to a member function get_name() on boolean in /shared/httpd/bmw-ecommerce/htdocs/wp-content/plugins/ajax-search-for-woocommerce/includes/Product.php:75
Stack trace:
#0 /shared/httpd/bmw-ecommerce/htdocs/wp-content/plugins/ajax-search-for-woocommerce/includes/Engines/WordPressNative/Search.php(204): DgoraWcas\Product->getName()
#1 /shared/httpd/bmw-ecommerce/htdocs/wp-includes/class-wp-hook.php(288): DgoraWcas\Engines\WordPressNative\Search->getSearchResults('')
#2 /shared/httpd/bmw-ecommerce/htdocs/wp-includes/class-wp-hook.php(312): WP_Hook->apply_filters('', Array)
#3 /shared/httpd/bmw-ecommerce/htdocs/wp-includes/plugin.php(478): WP_Hook->do_action(Array)
#4 /shared/httpd/bmw-ecommerce/htdocs/wp-content/plugins/woocommerce/includes/class-wc-ajax.php(87): do_action('wc_ajax_dgwt_wc...')
#5 /shared/httpd/bmw-ecommerce/htdocs/wp-includes/class-wp-hook.php(288): WC_AJAX::do_wc_ajax('')
#6 /shared/httpd/bmw-ecommerce/htdocs/wp-includes/class-wp-hook.php(312): WP_Hook->apply_filters(false, A in /shared/httpd/bmw-ecommerce/htdocs/wp-content/plugins/ajax-search-for-woocommerce/includes/Product.php on line 75

2020-01-10T16:15:26+00:00 CRITICAL Uncaught Error: Call to a member function get_name() on boolean in /shared/httpd/bmw-ecommerce/htdocs/wp-content/plugins/ajax-search-for-woocommerce/includes/Product.php:75
Stack trace:
#0 /shared/httpd/bmw-ecommerce/htdocs/wp-content/plugins/ajax-search-for-woocommerce/includes/Engines/WordPressNative/Search.php(204): DgoraWcas\Product->getName()
#1 /shared/httpd/bmw-ecommerce/htdocs/wp-includes/class-wp-hook.php(288): DgoraWcas\Engines\WordPressNative\Search->getSearchResults('')
#2 /shared/httpd/bmw-ecommerce/htdocs/wp-includes/class-wp-hook.php(312): WP_Hook->apply_filters('', Array)
#3 /shared/httpd/bmw-ecommerce/htdocs/wp-includes/plugin.php(478): WP_Hook->do_action(Array)
#4 /shared/httpd/bmw-ecommerce/htdocs/wp-content/plugins/woocommerce/includes/class-wc-ajax.php(87): do_action('wc_ajax_dgwt_wc...')
#5 /shared/httpd/bmw-ecommerce/htdocs/wp-includes/class-wp-hook.php(288): WC_AJAX::do_wc_ajax('')
#6 /shared/httpd/bmw-ecommerce/htdocs/wp-includes/class-wp-hook.php(312): WP_Hook->apply_filters(false, A in /shared/httpd/bmw-ecommerce/htdocs/wp-content/plugins/ajax-search-for-woocommerce/includes/Product.php on line 75

